{"/Users/moog/Documents/Rithm-School-2020/Completed Labs/WEEK7-NodeAPI/express-jobly/app.js": {"path":"/Users/moog/Documents/Rithm-School-2020/Completed Labs/WEEK7-NodeAPI/express-jobly/app.js","statementMap":{"0":{"start":{"line":3,"column":16},"end":{"line":3,"column":34}},"1":{"start":{"line":4,"column":21},"end":{"line":4,"column":54}},"2":{"start":{"line":5,"column":15},"end":{"line":5,"column":32}},"3":{"start":{"line":6,"column":24},"end":{"line":6,"column":53}},"4":{"start":{"line":7,"column":12},"end":{"line":7,"column":21}},"5":{"start":{"line":9,"column":0},"end":{"line":9,"column":24}},"6":{"start":{"line":12,"column":0},"end":{"line":12,"column":24}},"7":{"start":{"line":15,"column":0},"end":{"line":15,"column":39}},"8":{"start":{"line":19,"column":0},"end":{"line":24,"column":3}},"9":{"start":{"line":20,"column":14},"end":{"line":20,"column":48}},"10":{"start":{"line":23,"column":2},"end":{"line":23,"column":19}},"11":{"start":{"line":28,"column":0},"end":{"line":36,"column":3}},"12":{"start":{"line":29,"column":2},"end":{"line":29,"column":32}},"13":{"start":{"line":30,"column":2},"end":{"line":30,"column":27}},"14":{"start":{"line":32,"column":2},"end":{"line":35,"column":5}},"15":{"start":{"line":38,"column":0},"end":{"line":38,"column":21}}},"fnMap":{"0":{"name":"(anonymous_0)","decl":{"start":{"line":19,"column":8},"end":{"line":19,"column":9}},"loc":{"start":{"line":19,"column":33},"end":{"line":24,"column":1}},"line":19},"1":{"name":"(anonymous_1)","decl":{"start":{"line":28,"column":8},"end":{"line":28,"column":9}},"loc":{"start":{"line":28,"column":38},"end":{"line":36,"column":1}},"line":28}},"branchMap":{"0":{"loc":{"start":{"line":29,"column":13},"end":{"line":29,"column":30}},"type":"binary-expr","locations":[{"start":{"line":29,"column":13},"end":{"line":29,"column":23}},{"start":{"line":29,"column":27},"end":{"line":29,"column":30}}],"line":29}},"s":{"0":1,"1":1,"2":1,"3":1,"4":1,"5":1,"6":1,"7":1,"8":1,"9":0,"10":0,"11":1,"12":1,"13":1,"14":1,"15":1},"f":{"0":0,"1":1},"b":{"0":[1,0]},"_coverageSchema":"1a1c01bbd47fc00a2c39e90264f33305004495a9","hash":"fc6fc2900c55ab67ffb4ef54368146941849c2f3"}
,"/Users/moog/Documents/Rithm-School-2020/Completed Labs/WEEK7-NodeAPI/express-jobly/config.js": {"path":"/Users/moog/Documents/Rithm-School-2020/Completed Labs/WEEK7-NodeAPI/express-jobly/config.js","statementMap":{"0":{"start":{"line":3,"column":0},"end":{"line":3,"column":27}},"1":{"start":{"line":5,"column":19},"end":{"line":5,"column":51}},"2":{"start":{"line":7,"column":13},"end":{"line":7,"column":38}},"3":{"start":{"line":17,"column":0},"end":{"line":21,"column":1}},"4":{"start":{"line":18,"column":2},"end":{"line":18,"column":24}},"5":{"start":{"line":20,"column":2},"end":{"line":20,"column":47}},"6":{"start":{"line":23,"column":0},"end":{"line":27,"column":2}}},"fnMap":{},"branchMap":{"0":{"loc":{"start":{"line":5,"column":19},"end":{"line":5,"column":51}},"type":"binary-expr","locations":[{"start":{"line":5,"column":19},"end":{"line":5,"column":41}},{"start":{"line":5,"column":45},"end":{"line":5,"column":51}}],"line":5},"1":{"loc":{"start":{"line":7,"column":13},"end":{"line":7,"column":38}},"type":"binary-expr","locations":[{"start":{"line":7,"column":13},"end":{"line":7,"column":30}},{"start":{"line":7,"column":34},"end":{"line":7,"column":38}}],"line":7},"2":{"loc":{"start":{"line":17,"column":0},"end":{"line":21,"column":1}},"type":"if","locations":[{"start":{"line":17,"column":0},"end":{"line":21,"column":1}},{"start":{"line":17,"column":0},"end":{"line":21,"column":1}}],"line":17},"3":{"loc":{"start":{"line":20,"column":11},"end":{"line":20,"column":46}},"type":"binary-expr","locations":[{"start":{"line":20,"column":11},"end":{"line":20,"column":35}},{"start":{"line":20,"column":39},"end":{"line":20,"column":46}}],"line":20}},"s":{"0":1,"1":1,"2":1,"3":1,"4":1,"5":0,"6":1},"f":{},"b":{"0":[1,1],"1":[1,1],"2":[1,0],"3":[0,0]},"_coverageSchema":"1a1c01bbd47fc00a2c39e90264f33305004495a9","hash":"75b3ffb1caf0d6823684382d62f5a744c8e820b7"}
,"/Users/moog/Documents/Rithm-School-2020/Completed Labs/WEEK7-NodeAPI/express-jobly/db.js": {"path":"/Users/moog/Documents/Rithm-School-2020/Completed Labs/WEEK7-NodeAPI/express-jobly/db.js","statementMap":{"0":{"start":{"line":3,"column":19},"end":{"line":3,"column":32}},"1":{"start":{"line":4,"column":19},"end":{"line":4,"column":38}},"2":{"start":{"line":6,"column":11},"end":{"line":8,"column":2}},"3":{"start":{"line":10,"column":0},"end":{"line":10,"column":13}},"4":{"start":{"line":12,"column":0},"end":{"line":12,"column":20}}},"fnMap":{},"branchMap":{},"s":{"0":1,"1":1,"2":1,"3":1,"4":1},"f":{},"b":{},"_coverageSchema":"1a1c01bbd47fc00a2c39e90264f33305004495a9","hash":"6bb09e4ce0c2b309c81bdfae63571d7315b846ba"}
,"/Users/moog/Documents/Rithm-School-2020/Completed Labs/WEEK7-NodeAPI/express-jobly/helpers/expressError.js": {"path":"/Users/moog/Documents/Rithm-School-2020/Completed Labs/WEEK7-NodeAPI/express-jobly/helpers/expressError.js","statementMap":{"0":{"start":{"line":11,"column":4},"end":{"line":11,"column":12}},"1":{"start":{"line":12,"column":4},"end":{"line":12,"column":27}},"2":{"start":{"line":13,"column":4},"end":{"line":13,"column":25}},"3":{"start":{"line":14,"column":4},"end":{"line":14,"column":30}},"4":{"start":{"line":18,"column":0},"end":{"line":18,"column":30}}},"fnMap":{"0":{"name":"(anonymous_0)","decl":{"start":{"line":10,"column":2},"end":{"line":10,"column":3}},"loc":{"start":{"line":10,"column":31},"end":{"line":15,"column":3}},"line":10}},"branchMap":{},"s":{"0":1,"1":1,"2":1,"3":1,"4":1},"f":{"0":1},"b":{},"_coverageSchema":"1a1c01bbd47fc00a2c39e90264f33305004495a9","hash":"663eb1d50236d18f483126dd3feb0df30cf6a04a"}
,"/Users/moog/Documents/Rithm-School-2020/Completed Labs/WEEK7-NodeAPI/express-jobly/helpers/partialUpdate.js": {"path":"/Users/moog/Documents/Rithm-School-2020/Completed Labs/WEEK7-NodeAPI/express-jobly/helpers/partialUpdate.js","statementMap":{"0":{"start":{"line":19,"column":12},"end":{"line":19,"column":13}},"1":{"start":{"line":20,"column":16},"end":{"line":20,"column":18}},"2":{"start":{"line":23,"column":2},"end":{"line":28,"column":3}},"3":{"start":{"line":25,"column":4},"end":{"line":27,"column":5}},"4":{"start":{"line":26,"column":6},"end":{"line":26,"column":25}},"5":{"start":{"line":30,"column":2},"end":{"line":33,"column":3}},"6":{"start":{"line":31,"column":4},"end":{"line":31,"column":38}},"7":{"start":{"line":32,"column":4},"end":{"line":32,"column":13}},"8":{"start":{"line":36,"column":13},"end":{"line":36,"column":31}},"9":{"start":{"line":37,"column":14},"end":{"line":37,"column":76}},"10":{"start":{"line":39,"column":15},"end":{"line":39,"column":35}},"11":{"start":{"line":40,"column":2},"end":{"line":40,"column":18}},"12":{"start":{"line":42,"column":2},"end":{"line":42,"column":27}},"13":{"start":{"line":51,"column":0},"end":{"line":51,"column":37}}},"fnMap":{"0":{"name":"sqlForPartialUpdate","decl":{"start":{"line":15,"column":9},"end":{"line":15,"column":28}},"loc":{"start":{"line":15,"column":52},"end":{"line":43,"column":1}},"line":15}},"branchMap":{"0":{"loc":{"start":{"line":25,"column":4},"end":{"line":27,"column":5}},"type":"if","locations":[{"start":{"line":25,"column":4},"end":{"line":27,"column":5}},{"start":{"line":25,"column":4},"end":{"line":27,"column":5}}],"line":25}},"s":{"0":0,"1":0,"2":0,"3":0,"4":0,"5":0,"6":0,"7":0,"8":0,"9":0,"10":0,"11":0,"12":0,"13":1},"f":{"0":0},"b":{"0":[0,0]},"_coverageSchema":"1a1c01bbd47fc00a2c39e90264f33305004495a9","hash":"da9b02a4cfc60b3b0ee663bc676bb1cec0a725fa"}
,"/Users/moog/Documents/Rithm-School-2020/Completed Labs/WEEK7-NodeAPI/express-jobly/models/company.js": {"path":"/Users/moog/Documents/Rithm-School-2020/Completed Labs/WEEK7-NodeAPI/express-jobly/models/company.js","statementMap":{"0":{"start":{"line":1,"column":11},"end":{"line":1,"column":27}},"1":{"start":{"line":2,"column":28},"end":{"line":2,"column":63}},"2":{"start":{"line":3,"column":21},"end":{"line":3,"column":55}},"3":{"start":{"line":15,"column":12},"end":{"line":15,"column":29}},"4":{"start":{"line":16,"column":20},"end":{"line":23,"column":5}},"5":{"start":{"line":24,"column":4},"end":{"line":24,"column":24}},"6":{"start":{"line":29,"column":20},"end":{"line":35,"column":5}},"7":{"start":{"line":37,"column":4},"end":{"line":37,"column":27}},"8":{"start":{"line":42,"column":19},"end":{"line":47,"column":5}},"9":{"start":{"line":49,"column":4},"end":{"line":49,"column":26}},"10":{"start":{"line":54,"column":78},"end":{"line":54,"column":82}},"11":{"start":{"line":55,"column":18},"end":{"line":61,"column":5}},"12":{"start":{"line":62,"column":30},"end":{"line":62,"column":87}},"13":{"start":{"line":63,"column":4},"end":{"line":63,"column":41}},"14":{"start":{"line":64,"column":4},"end":{"line":64,"column":39}},"15":{"start":{"line":65,"column":19},"end":{"line":65,"column":53}},"16":{"start":{"line":66,"column":4},"end":{"line":66,"column":26}},"17":{"start":{"line":71,"column":0},"end":{"line":71,"column":25}}},"fnMap":{"0":{"name":"(anonymous_0)","decl":{"start":{"line":14,"column":2},"end":{"line":14,"column":3}},"loc":{"start":{"line":14,"column":78},"end":{"line":25,"column":3}},"line":14},"1":{"name":"(anonymous_1)","decl":{"start":{"line":28,"column":2},"end":{"line":28,"column":3}},"loc":{"start":{"line":28,"column":74},"end":{"line":38,"column":3}},"line":28},"2":{"name":"(anonymous_2)","decl":{"start":{"line":41,"column":2},"end":{"line":41,"column":3}},"loc":{"start":{"line":41,"column":27},"end":{"line":50,"column":3}},"line":41},"3":{"name":"(anonymous_3)","decl":{"start":{"line":53,"column":2},"end":{"line":53,"column":3}},"loc":{"start":{"line":53,"column":36},"end":{"line":67,"column":3}},"line":53}},"branchMap":{"0":{"loc":{"start":{"line":14,"column":34},"end":{"line":14,"column":51}},"type":"default-arg","locations":[{"start":{"line":14,"column":50},"end":{"line":14,"column":51}}],"line":14},"1":{"loc":{"start":{"line":14,"column":53},"end":{"line":14,"column":76}},"type":"default-arg","locations":[{"start":{"line":14,"column":69},"end":{"line":14,"column":76}}],"line":14}},"s":{"0":1,"1":1,"2":1,"3":2,"4":2,"5":2,"6":1,"7":1,"8":0,"9":0,"10":0,"11":0,"12":0,"13":0,"14":0,"15":0,"16":0,"17":1},"f":{"0":2,"1":1,"2":0,"3":0},"b":{"0":[2],"1":[2]},"_coverageSchema":"1a1c01bbd47fc00a2c39e90264f33305004495a9","hash":"5435e3c9db0697730c19c60234a165e425d96c1c"}
,"/Users/moog/Documents/Rithm-School-2020/Completed Labs/WEEK7-NodeAPI/express-jobly/routes/companies.js": {"path":"/Users/moog/Documents/Rithm-School-2020/Completed Labs/WEEK7-NodeAPI/express-jobly/routes/companies.js","statementMap":{"0":{"start":{"line":1,"column":16},"end":{"line":1,"column":34}},"1":{"start":{"line":2,"column":16},"end":{"line":2,"column":44}},"2":{"start":{"line":3,"column":11},"end":{"line":3,"column":27}},"3":{"start":{"line":4,"column":15},"end":{"line":4,"column":35}},"4":{"start":{"line":5,"column":21},"end":{"line":5,"column":55}},"5":{"start":{"line":6,"column":19},"end":{"line":6,"column":40}},"6":{"start":{"line":7,"column":22},"end":{"line":7,"column":62}},"7":{"start":{"line":9,"column":15},"end":{"line":9,"column":35}},"8":{"start":{"line":12,"column":0},"end":{"line":23,"column":3}},"9":{"start":{"line":13,"column":1},"end":{"line":22,"column":2}},"10":{"start":{"line":14,"column":63},"end":{"line":14,"column":71}},"11":{"start":{"line":15,"column":2},"end":{"line":17,"column":3}},"12":{"start":{"line":16,"column":3},"end":{"line":16,"column":85}},"13":{"start":{"line":18,"column":20},"end":{"line":18,"column":82}},"14":{"start":{"line":19,"column":2},"end":{"line":19,"column":33}},"15":{"start":{"line":21,"column":2},"end":{"line":21,"column":19}},"16":{"start":{"line":26,"column":0},"end":{"line":42,"column":3}},"17":{"start":{"line":27,"column":1},"end":{"line":41,"column":2}},"18":{"start":{"line":28,"column":17},"end":{"line":28,"column":61}},"19":{"start":{"line":29,"column":2},"end":{"line":32,"column":3}},"20":{"start":{"line":31,"column":3},"end":{"line":31,"column":66}},"21":{"start":{"line":31,"column":51},"end":{"line":31,"column":58}},"22":{"start":{"line":33,"column":65},"end":{"line":33,"column":73}},"23":{"start":{"line":35,"column":21},"end":{"line":35,"column":93}},"24":{"start":{"line":36,"column":2},"end":{"line":38,"column":34}},"25":{"start":{"line":40,"column":2},"end":{"line":40,"column":19}},"26":{"start":{"line":47,"column":0},"end":{"line":58,"column":3}},"27":{"start":{"line":48,"column":1},"end":{"line":57,"column":2}},"28":{"start":{"line":49,"column":17},"end":{"line":49,"column":34}},"29":{"start":{"line":50,"column":18},"end":{"line":50,"column":43}},"30":{"start":{"line":51,"column":2},"end":{"line":53,"column":3}},"31":{"start":{"line":52,"column":3},"end":{"line":52,"column":56}},"32":{"start":{"line":54,"column":2},"end":{"line":54,"column":31}},"33":{"start":{"line":56,"column":2},"end":{"line":56,"column":19}},"34":{"start":{"line":63,"column":0},"end":{"line":79,"column":3}},"35":{"start":{"line":64,"column":1},"end":{"line":78,"column":2}},"36":{"start":{"line":65,"column":17},"end":{"line":65,"column":61}},"37":{"start":{"line":66,"column":2},"end":{"line":69,"column":3}},"38":{"start":{"line":68,"column":3},"end":{"line":68,"column":66}},"39":{"start":{"line":68,"column":51},"end":{"line":68,"column":58}},"40":{"start":{"line":70,"column":17},"end":{"line":70,"column":34}},"41":{"start":{"line":71,"column":18},"end":{"line":71,"column":56}},"42":{"start":{"line":72,"column":2},"end":{"line":74,"column":3}},"43":{"start":{"line":73,"column":3},"end":{"line":73,"column":56}},"44":{"start":{"line":75,"column":2},"end":{"line":75,"column":31}},"45":{"start":{"line":77,"column":2},"end":{"line":77,"column":19}},"46":{"start":{"line":81,"column":0},"end":{"line":81,"column":24}}},"fnMap":{"0":{"name":"(anonymous_0)","decl":{"start":{"line":12,"column":16},"end":{"line":12,"column":17}},"loc":{"start":{"line":12,"column":48},"end":{"line":23,"column":1}},"line":12},"1":{"name":"(anonymous_1)","decl":{"start":{"line":26,"column":17},"end":{"line":26,"column":18}},"loc":{"start":{"line":26,"column":49},"end":{"line":42,"column":1}},"line":26},"2":{"name":"(anonymous_2)","decl":{"start":{"line":31,"column":44},"end":{"line":31,"column":45}},"loc":{"start":{"line":31,"column":51},"end":{"line":31,"column":58}},"line":31},"3":{"name":"(anonymous_3)","decl":{"start":{"line":47,"column":23},"end":{"line":47,"column":24}},"loc":{"start":{"line":47,"column":55},"end":{"line":58,"column":1}},"line":47},"4":{"name":"(anonymous_4)","decl":{"start":{"line":63,"column":25},"end":{"line":63,"column":26}},"loc":{"start":{"line":63,"column":57},"end":{"line":79,"column":1}},"line":63},"5":{"name":"(anonymous_5)","decl":{"start":{"line":68,"column":44},"end":{"line":68,"column":45}},"loc":{"start":{"line":68,"column":51},"end":{"line":68,"column":58}},"line":68}},"branchMap":{"0":{"loc":{"start":{"line":15,"column":2},"end":{"line":17,"column":3}},"type":"if","locations":[{"start":{"line":15,"column":2},"end":{"line":17,"column":3}},{"start":{"line":15,"column":2},"end":{"line":17,"column":3}}],"line":15},"1":{"loc":{"start":{"line":29,"column":2},"end":{"line":32,"column":3}},"type":"if","locations":[{"start":{"line":29,"column":2},"end":{"line":32,"column":3}},{"start":{"line":29,"column":2},"end":{"line":32,"column":3}}],"line":29},"2":{"loc":{"start":{"line":51,"column":2},"end":{"line":53,"column":3}},"type":"if","locations":[{"start":{"line":51,"column":2},"end":{"line":53,"column":3}},{"start":{"line":51,"column":2},"end":{"line":53,"column":3}}],"line":51},"3":{"loc":{"start":{"line":66,"column":2},"end":{"line":69,"column":3}},"type":"if","locations":[{"start":{"line":66,"column":2},"end":{"line":69,"column":3}},{"start":{"line":66,"column":2},"end":{"line":69,"column":3}}],"line":66},"4":{"loc":{"start":{"line":72,"column":2},"end":{"line":74,"column":3}},"type":"if","locations":[{"start":{"line":72,"column":2},"end":{"line":74,"column":3}},{"start":{"line":72,"column":2},"end":{"line":74,"column":3}}],"line":72}},"s":{"0":1,"1":1,"2":1,"3":1,"4":1,"5":1,"6":1,"7":1,"8":1,"9":3,"10":3,"11":3,"12":1,"13":2,"14":2,"15":1,"16":1,"17":1,"18":1,"19":1,"20":0,"21":0,"22":1,"23":1,"24":1,"25":0,"26":1,"27":0,"28":0,"29":0,"30":0,"31":0,"32":0,"33":0,"34":1,"35":0,"36":0,"37":0,"38":0,"39":0,"40":0,"41":0,"42":0,"43":0,"44":0,"45":0,"46":1},"f":{"0":3,"1":1,"2":0,"3":0,"4":0,"5":0},"b":{"0":[1,2],"1":[0,1],"2":[0,0],"3":[0,0],"4":[0,0]},"_coverageSchema":"1a1c01bbd47fc00a2c39e90264f33305004495a9","hash":"609adc9b03486c7920bbd5cdc338f7ddd8f56dd6"}
}
