TN:
SF:app.js
FN:19,(anonymous_0)
FN:28,(anonymous_1)
FNF:2
FNH:1
FNDA:0,(anonymous_0)
FNDA:1,(anonymous_1)
DA:3,1
DA:4,1
DA:5,1
DA:6,1
DA:7,1
DA:9,1
DA:12,1
DA:15,1
DA:19,1
DA:20,0
DA:23,0
DA:28,1
DA:29,1
DA:30,1
DA:32,1
DA:38,1
LF:16
LH:14
BRDA:29,0,0,1
BRDA:29,0,1,0
BRF:2
BRH:1
end_of_record
TN:
SF:config.js
FNF:0
FNH:0
DA:3,1
DA:5,1
DA:7,1
DA:17,1
DA:18,1
DA:20,0
DA:23,1
LF:7
LH:6
BRDA:5,0,0,1
BRDA:5,0,1,1
BRDA:7,1,0,1
BRDA:7,1,1,1
BRDA:17,2,0,1
BRDA:17,2,1,0
BRDA:20,3,0,0
BRDA:20,3,1,0
BRF:8
BRH:5
end_of_record
TN:
SF:db.js
FNF:0
FNH:0
DA:3,1
DA:4,1
DA:6,1
DA:10,1
DA:12,1
LF:5
LH:5
BRF:0
BRH:0
end_of_record
TN:
SF:helpers/expressError.js
FN:10,(anonymous_0)
FNF:1
FNH:1
FNDA:1,(anonymous_0)
DA:11,1
DA:12,1
DA:13,1
DA:14,1
DA:18,1
LF:5
LH:5
BRF:0
BRH:0
end_of_record
TN:
SF:helpers/partialUpdate.js
FN:15,sqlForPartialUpdate
FNF:1
FNH:0
FNDA:0,sqlForPartialUpdate
DA:19,0
DA:20,0
DA:23,0
DA:25,0
DA:26,0
DA:30,0
DA:31,0
DA:32,0
DA:36,0
DA:37,0
DA:39,0
DA:40,0
DA:42,0
DA:51,1
LF:14
LH:1
BRDA:25,0,0,0
BRDA:25,0,1,0
BRF:2
BRH:0
end_of_record
TN:
SF:models/company.js
FN:14,(anonymous_0)
FN:28,(anonymous_1)
FN:41,(anonymous_2)
FN:53,(anonymous_3)
FNF:4
FNH:2
FNDA:2,(anonymous_0)
FNDA:1,(anonymous_1)
FNDA:0,(anonymous_2)
FNDA:0,(anonymous_3)
DA:1,1
DA:2,1
DA:3,1
DA:15,2
DA:16,2
DA:24,2
DA:29,1
DA:37,1
DA:42,0
DA:49,0
DA:54,0
DA:55,0
DA:62,0
DA:63,0
DA:64,0
DA:65,0
DA:66,0
DA:71,1
LF:18
LH:9
BRDA:14,0,0,2
BRDA:14,1,0,2
BRF:2
BRH:2
end_of_record
TN:
SF:routes/companies.js
FN:12,(anonymous_0)
FN:26,(anonymous_1)
FN:31,(anonymous_2)
FN:47,(anonymous_3)
FN:63,(anonymous_4)
FN:68,(anonymous_5)
FNF:6
FNH:2
FNDA:3,(anonymous_0)
FNDA:1,(anonymous_1)
FNDA:0,(anonymous_2)
FNDA:0,(anonymous_3)
FNDA:0,(anonymous_4)
FNDA:0,(anonymous_5)
DA:1,1
DA:2,1
DA:3,1
DA:4,1
DA:5,1
DA:6,1
DA:7,1
DA:9,1
DA:12,1
DA:13,3
DA:14,3
DA:15,3
DA:16,1
DA:18,2
DA:19,2
DA:21,1
DA:26,1
DA:27,1
DA:28,1
DA:29,1
DA:31,0
DA:33,1
DA:35,1
DA:36,1
DA:40,0
DA:47,1
DA:48,0
DA:49,0
DA:50,0
DA:51,0
DA:52,0
DA:54,0
DA:56,0
DA:63,1
DA:64,0
DA:65,0
DA:66,0
DA:68,0
DA:70,0
DA:71,0
DA:72,0
DA:73,0
DA:75,0
DA:77,0
DA:81,1
LF:45
LH:26
BRDA:15,0,0,1
BRDA:15,0,1,2
BRDA:29,1,0,0
BRDA:29,1,1,1
BRDA:51,2,0,0
BRDA:51,2,1,0
BRDA:66,3,0,0
BRDA:66,3,1,0
BRDA:72,4,0,0
BRDA:72,4,1,0
BRF:10
BRH:3
end_of_record
